0 3160 1000000
1653 2761
201 522
2537 2813
3085 1888
2473 1407
2499 7
2788 2914
2973 789
1737 674
869 2926
3064 1827
1615 863
2222 3007
2206 1535
2944 1573
2234 1248
183 768
3001 1544
703 552
767 2308
373 103
542 1301
2835 771
1704 2462
1619 711
608 1405
1010 663
2504 1519
1113 1079
2114 1573
1104 2647
1337 3097
3019 606
1198 108
2414 1182
631 1183
2270 2136
1320 645
1790 3092
590 1485
2800 486
3136 186
1509 1046
3036 2156
1520 344
2208 575
457 989
107 2229
667 920
1144 1024
3004 2704
631 799
1040 2639
1806 940
2178 574
2982 1066
2978 2122
2274 245
331 2181
505 3088
2696 23
985 395
2041 1082
2079 2405
286 1950
1078 853
1588 2844
2888 840
1968 49
1685 108
733 364
1923 2324
142 3055
2498 1309
2546 991
1724 2902
2701 2802
555 1778
1612 1086
1060 775
552 817
2390 1045
478 2958
1149 2826
3098 1899
2208 2200
293 2330
524 2602
460 2125
876 1015
376 597
1812 479
1830 864
476 2121
466 2214
2403 1219
2193 1441
2040 3003
3040 503
2095 486
1051 2527
2943 501
881 3106
1378 2842
2418 3044
3080 520
420 2673
1802 1960
1123 885
2894 520
333 2555
2739 484
1862 2498
1839 1286
2529 3
3037 982
242 3043
2820 2196
2593 810
1845 1364
1910 3158
1815 112
740 1231
1993 360
2939 1383
2588 3009
76 2776
2855 1320
774 3116
2309 2010
2865 1629
1427 441
2175 346
2785 1703
2863 1197
1179 1749
1987 326
2363 1625
931 1879
1782 1414
510 1105
3096 771
85 90
2513 2468
1875 2852
503 3018
122 2029
2103 1698
1739 1690
2400 1180
162 1428
1868 1054
1415 983
3159 1256
1147 2092
2182 1276
2709 2562
2879 267
413 2203
1764 2374
1669 366
596 2638
211 1512
413 1508
708 1537
3087 2908
1344 814
1472 202
1149 2737
2235 2005
1253 2353
1556 3159
426 1109
1613 773
1077 2399
2414 293
1598 630
1656 2300
2242 567
1132 1265
14 1221
62 1561
1992 658
228 2526
1240 2590
297 1575
26 3116
2455 1868
2705 2326
2675 1543
789 2193
2560 1680
250 215
204 2321
3079 2849
1573 2412
546 2173
1595 1870
2850 155
1740 2324
1753 1132
1108 2652
615 1246
2896 2976
2606 947
2081 522
1471 2968
966 783
700 399
99 541
1061 2814
199 1395
1564 1746
268 1864
151 1663
1431 2846
519 2533
1430 3026
895 2596
100 1658
327 638
1937 2761
849 1569
2159 1923
1874 1475
1435 1247
387 2930
2219 1466
147 332
1611 2347
1422 628
1298 1493
177 1347
1570 787
1127 1117
1485 879
3011 1136
1620 1169
2188 1692
933 3070
1522 1326
3096 1952
3036 2656
320 2164
2109 783
1046 350
2045 1721
1826 2875
1193 242
2759 1098
1484 1412
2309 124
1508 1809
1588 2352
2534 1957
1075 1312
2265 2877
2674 484
2921 1362
2523 1020
1222 1532
3036 1617
509 848
1992 1373
480 2820
2285 3114
3086 326
1632 2434
2407 1483
635 632
1920 2333
2045 418
2444 2526
469 749
295 725
2473 895
2165 2875
2813 1127
2194 520
388 2138
1510 2527
2275 1750
1197 1378
840 860
1882 2340
503 2527
1223 3059
1392 2201
2646 1952
1027 1363
265 1472
3079 667
1112 843
2178 515
12 2023
139 1185
907 117
1014 2509
1787 1572
2956 530
71 1607
2753 2922
2670 727
1489 1712
2514 2616
2589 2588
823 2931
2622 2056
719 272
223 2354
2569 1128
10 3049
1571 681
1497 1061
177 2546
33 179
2621 1654
2251 158
729 1112
1505 405
2741 864
337 452
893 2396
1839 1952
1390 1501
1822 2941
2926 1717
2278 978
470 735
1826 584
1203 2836
170 762
2578 1591
2171 1584
2958 58
313 2527
1217 996
1044 2747
1918 2575
324 2620
2070 68
1059 762
38 646
1615 1952
3044 1007
2121 2377
340 1140
1830 1509
1952 2651
152 1975
976 2089
3100 486
2193 1873
696 1826
810 1681
1119 2339
374 1613
894 2500
1986 894
2830 2280
2428 2780
3152 3075
1221 708
3002 1766
2114 605
558 2423
1862 2128
1624 2244
1245 268
1314 1417
2561 585
773 77
837 3063
1 1830
1487 1327
1365 817
1506 710
2842 625
8 2505
2960 2176
2979 1563
879 3011
3071 2250
130 298
2404 741
1084 2724
540 835
1392 2947
2557 2334
1084 1680
1445 391
2435 1157
1217 3032
2623 651
2103 2186
2572 2347
2456 1774
1347 283
742 727
2626 1457
7 1143
676 994
2317 198
257 2371
2503 1712
2662 1704
1429 1646
1071 627
13 1261
2182 835
2758 2747
2514 3065
42 1170
1342 518
674 1219
688 311
2017 2653
124 2997
1359 677
3097 2611
1088 1737
13 2336
1779 2959
384 825
2253 491
1087 2541
3108 1327
1024 2645
1048 1839
1624 3134
166 735
3019 2263
1021 1787
1724 2067
1762 538
501 49
2261 2918
661 819
3026 2143
1209 1172
3081 2336
855 105
2870 491
1070 908
1873 2987
2161 1428
1472 2045
1718 1668
1405 1169
884 1416
781 1073
2634 1575
1976 1195
2055 2082
2643 1444
2699 707
600 2608
193 3118
134 2351
1480 2114
2343 527
2152 27
1460 1868
2729 312
2232 618
2994 2380
1401 2770
2874 36
2554 1442
1555 2475
1848 2494
746 1401
1761 160
1796 2567
2296 1168
2513 619
1480 2642
564 2959
1950 1812
1548 2369
2676 532
1419 96
2692 2391
1203 3116
2422 801
1479 1829
426 2629
1594 2126
298 1325
1409 1751
258 992
883 1349
3109 1658
2646 2671
2388 83
415 2365
599 2987
2680 3007
1654 2187
1971 1172
876 2217
1275 665
794 58
2168 1054
3023 2071
2468 2980
1023 3048
2562 456
281 16
2970 886
2121 1847
2982 651
2357 2757
3107 94
868 2016
1678 315
7 2553
28 677
2249 3084
2766 2012
1704 1849
823 1450
2693 624
2815 1025
1266 824
2596 713
1142 662
805 2555
869 999
1149 90
2524 471
2163 250
2255 344
2184 1063
1070 1878
2949 1018
2422 1648
130 1742
1570 2114
1119 812
2598 1886
1804 370
1220 2804
2548 599
1762 2361
1543 2564
947 2238
1001 1821
3149 1858
1647 1172
72 1298
515 2596
1534 95
1276 2490
504 412
1327 3006
165 1933
1710 1578
1328 983
2778 1911
1563 2503
2892 2606
1415 863
1997 217
2588 1949
628 743
2387 1468
2602 100
1824 901
1097 3127
1507 217
2257 1924
1248 1974
2549 2371
456 1410
3152 3014
1353 1442
1460 2680
1043 533
2367 3031
561 2487
1156 926
2914 2258
2076 193
941 1742
961 994
1625 2238
121 614
170 3052
2316 2353
72 1684
2425 2514
2230 1945
1190 2613
2827 1804
2502 3083
2195 2063
471 1522
2311 1261
3059 1414
1366 2129
1721 1467
1938 1321
1101 1076
2143 2133
413 2154
2612 713
1676 710
2346 1102
274 1109
3148 715
2197 320
2667 1447
828 1024
2646 2733
1204 822
1419 2489
1288 1250
611 3046
3033 487
2420 522
2652 1583
1211 1290
2625 2114
351 1310
289 909
2958 1484
3083 570
2886 2582
106 678
999 911
1921 584
1918 2167
1397 494
1372 1162
2453 671
1551 1605
31 2129
1587 1254
1986 3015
1802 2411
2747 3121
2894 2213
2233 1654
2744 2818
1919 652
2158 1449
316 525
712 1126
3117 1630
1586 1538
1331 651
410 203
633 1640
1146 183
1114 869
64 485
1312 150
2848 1756
1889 3146
640 1247
132 2680
2843 1707
426 2694
2467 1207
2032 2913
1799 2187
831 1449
1853 996
2234 2190
1196 2970
2183 1952
708 2174
432 3150
1955 2130
2233 881
799 1178
2979 1782
1804 1608
1796 379
2888 33
2408 742
1568 3116
502 1859
3149 104
854 1967
198 2937
2017 1691
222 1389
2056 2715
924 1504
1164 256
2937 221
2036 2786
570 1023
1545 985
2041 1281
1266 1165
2991 1929
268 2012
374 2551
2859 761
655 681
1348 897
2980 387
2982 2986
1946 1028
2230 3004
2015 1617
2607 424
3108 787
2629 1209
2806 2661
1102 1849
1184 170
1193 2479
1018 802
631 28
978 1001
740 2160
2959 2947
451 2327
3039 2548
3052 2392
620 2471
1136 1121
642 2134
243 3157
2403 2912
2991 1233
3126 164
277 3042
2260 448
2871 1168
3101 1360
296 326
1906 1268
1684 1164
1747 365
1647 2344
26 219
334 1126
1101 1881
2578 1360
49 1881
2621 2723
2627 512
1269 1415
1452 477
2308 2012
2629 1396
558 1432
1154 1750
13 2669
1702 1984
472 1662
1044 541
1908 1594
1402 663
884 2169
460 2530
310 2188
2154 1702
1511 1754
518 2775
107 214
2415 927
1413 1814
2551 55
1424 2506
2861 271
421 155
2775 2127
1070 1754
202 456
3073 970
2173 3005
2854 250
3120 1632
319 1737
1737 3123
1384 92
1779 2698
853 749
2789 1450
1101 155
210 2209
1515 1160
1794 3126
586 2014
2487 1639
1904 827
2780 1288
2244 757
1186 2242
1883 2869
2152 966
2766 903
1781 1516
2609 1798
757 2030
2713 2130
1860 340
1840 2987
1098 2944
727 975
551 1791
1395 1754
2727 637
53 2148
2396 701
2700 1984
1789 296
1407 1329
2920 1134
2203 718
819 23
2647 2061
2914 1961
2582 694
263 525
2005 2752
2383 1363
989 2968
986 117
2157 2756
1040 2342
2564 2359
200 267
1226 854
1603 1540
952 407
1312 1285
1289 1003
2031 1058
1362 462
2936 1480
1846 2751
2081 2114
102 1366
885 854
3039 2535
2206 852
1061 1713
261 1731
1418 1256
1759 2680
2160 2865
3153 2454
837 179
2570 1591
1227 552
2113 2682
2586 1406
1339 1211
2129 1573
277 1066
1757 1595
3013 287
2158 2894
1134 3058
1372 132
2960 1567
104 853
2357 208
1796 783
483 1586
3043 3125
978 244
1579 1344
957 1243
2605 1121
1683 1874
1286 2803
2090 577
438 2443
429 346
2220 2325
2374 2169
2475 2790
1713 2812
1608 489
1212 2443
2435 1497
1734 185
2755 2413
651 323
365 2008
2293 904
2004 2331
3022 1590
2552 2864
347 3033
1531 546
321 2535
2439 2599
135 2949
2222 1191
962 1678
2668 114
1648 727
1778 2886
2408 1265
301 583
529 2953
739 1062
2178 2636
1107 560
1966 1820
3060 51
365 2707
450 594
1799 460
2774 2517
2851 1137
1917 1083
1583 383
2208 165
1627 2120
2607 1734
1901 1261
478 481
2730 30
525 2499
893 212
1944 413
582 1749
2198 881
1307 57
1395 1741
851 503
3105 821
1573 2417
869 3146
1515 289
2523 2009
916 1042
128 1284
1386 1077
496 2059
1753 491
3149 851
1525 2109
1471 2648
2652 137
1505 1840
1199 872
124 2403
1185 2575
753 1355
1466 1724
225 1090
400 114
1515 1751
869 677
3083 142
1933 2662
1533 305
1691 2341
1830 2075
2111 559
2493 2233
963 688
408 686
2861 1870
1754 3140
1044 2423
255 3113
719 181
1087 2230
675 129
2059 1861
1006 698
371 269
399 446
305 2345
705 1945
1902 721
2340 3028
1124 2191
1548 1237
3023 1371
1952 2700
2995 2296
446 945
354 790
939 472
661 341
2247 3073
475 869
1181 2379
646 2486
2595 724
1814 3054
112 2228
1730 1880
2842 2738
1972 1211
1042 73
1150 2016
2548 2370
413 1853
1728 2613
2818 284
1694 311
842 1354
672 2299
1040 1500
1854 2788
656 2340
2387 1585
2075 1196
2366 584
1115 81
1503 1521
1757 2701
1792 2726
43 1983
228 145
3076 2536
61 1573
907 2796
1536 1528
758 580
2111 585
2175 2002
1138 344
2064 2307
833 2480
1533 1660
2029 1982
2822 2692
1705 3072
2971 658
2982 2055
2682 2864
2498 590
993 2242
926 899
1686 511
818 2016
449 2504
603 1380
1663 682
653 1276
3097 24
2346 1469
164 3131
2876 3085
1585 962
745 1479
2799 543
326 892
2305 1560
2594 534
1892 1499
3021 1752
2074 936
2011 388
2362 594
2046 1948
2022 1568
1703 3009
275 2521
91 2331
1035 2057
2597 2348
984 863
1818 242
41 2760
177 2405
2981 1528
92 2343
2270 2806
2511 1425
719 2803
965 2078
505 165
745 29
1642 463
1344 2453
857 2146
2527 2205
2679 1573
3052 1645
1802 2218
1236 1556
1379 1771
3152 1863
2265 198
2962 1550
2267 2528
2299 1115
1300 2918
2858 1604
2234 2388
2404 2998
936 1245
1818 1276
826 1622
3044 229
2512 807
572 2265
1236 2389
1474 2305
1909 2994
2296 452
903 942
1419 115
1465 2158
123 628
1566 1647
1841 322
2083 1323
975 1744
2108 1338
289 947
1840 1510
2528 2079
1594 845
2277 2866
2619 2432
2622 2488
1905 5
2520 1051
2904 953
2572 1153
1123 1081
239 282
278 1952
1916 1632
2833 2049
2668 2308
589 1039
3035 618
2394 2184
948 2248
3132 1065
1456 3038
3092 1251
1600 2725
1106 2070
1585 296
353 1441
1325 1765
2016 2772
2571 215
183 1428
2080 141
48 2440
2052 2939
704 2323
2879 3071
895 2468
1625 545
69 419
600 1533
1082 1808
879 2829
3113 2571
1223 2354
2622 543
1036 2432
1723 1311
2667 1242
1611 2353
1193 732
1646 1261
754 1286
1925 1602
515 798
2021 2776
153 349
2913 1382
881 42
3076 2160
2960 148
2712 2570
276 155
1900 1855
2280 2802
2102 819
1021 2826
1736 2544
1417 2319
418 13
545 725
246 958
1832 1272
62 921
2566 4
2033 97
2420 1012
2939 94
2558 648
495 2932
3085 1087
1300 1937
2958 549
1000 494
2918 349
2004 1785
2035 2335
2073 1544
2048 207
2690 3071
2461 1039
1187 1514
623 2275
2194 89
1420 2503
50 2343
272 2418
837 1661
2526 2745
45 1758
1806 3094
104 2895
2662 886
392 1538
677 333
1858 2795
874 1990
743 1953
3140 1341
117 2662
1535 2492
2136 1913
2258 1483
2501 714
1147 1911
30 2878
597 429
3150 2701
3094 2765
2069 2254
1471 668
539 2889
1786 992
2640 1790
2368 1225
2445 2782
942 193
1808 3143
2396 176
608 2455
2236 1663
2061 872
968 1417
2184 1436
2572 1973
368 2913
2864 505
2976 2158
17 2858
2420 2166
396 751
1233 318
1803 3122
300 687
1559 1515
821 2609
1765 2800
3158 2932
69 179
3042 2466
657 1922
2180 873
2756 1545
442 2820
2908 2085
2848 2380
1010 278
1108 1909
1134 3064
657 2814
2864 1113
1100 2380
1637 2046
1421 2037
2883 1576
1913 3041
777 8
1596 1042
2514 1954
2475 1761
3049 763
1224 110
363 2685
301 3092
2861 2360
75 114
2921 2326
2902 986
1199 1391
3044 529
357 2070
1500 53
1096 1224
3152 2404
741 1274
1816 2928
2296 701
1618 2831
2234 448
69 2203
1010 2606
1710 2633
113 2238
862 1347
2618 1519
2320 2212
2667 2846
2377 1293
230 1238
3065 2889
965 2219
3108 67
1777 1093
2149 1096
824 2360
1950 995
1717 2667
2885 541
2973 2482
3155 82
20 1237
2158 190
700 2496
2576 234
2380 1217
2541 2393
335 550
1201 2751
1539 973
2929 527
1801 1586
1409 2508
2245 3023
1979 1011
2978 2233
2588 2877
946 2689
2317 989
1625 3098
2956 855
462 493
1981 1465
40 347
2513 2665
821 1227
2976 1196
1999 2419
2059 2469
2594 255
2676 3100
1751 1757
1738 2785
2146 2732
1438 2725
504 1298
2021 1987
1696 2075
1243 2947
2294 1915
1088 948
1330 1200
57 721
486 2020
1676 2618
515 2268
3111 561
2277 591
1592 260
3116 444
2514 2623
1185 1072
2113 619
825 622
1713 331
1678 2840
2241 546
2122 1259
1762 2530
2778 3097
1852 1092
1769 2761
142 1930
378 2196
2232 1074
1715 3025
1449 1878
1871 1688
245 822
2017 357
1591 2235
2866 986
65 725
2756 1712
1303 1815
3121 2105
1230 645
64 801
1411 406
679 877
2775 1934
3132 838
822 1388
2470 1294
1599 1381
1645 2281
1544 2795
1564 1992
1657 2241
2261 2523
